<?xml version="1.0" encoding="UTF-8"?>
<testng-results ignored="0" total="1" passed="1" failed="0" skipped="0">
  <reporter-output>
  </reporter-output>
  <suite started-at="2022-12-12T20:21:43 IST" name="Default suite" finished-at="2022-12-12T20:22:47 IST" duration-ms="63943">
    <groups>
    </groups>
    <test started-at="2022-12-12T20:21:43 IST" name="Default test" finished-at="2022-12-12T20:22:47 IST" duration-ms="63943">
      <class name="tests.SmokeTests">
        <test-method is-config="true" signature="openBrowser()[pri:0, instance:tests.SmokeTests@2ed2d9cb]" started-at="2022-12-12T20:21:43 IST" name="openBrowser" finished-at="2022-12-12T20:22:32 IST" duration-ms="48476" status="PASS">
          <reporter-output>
          </reporter-output>
        </test-method> <!-- openBrowser -->
        <test-method is-config="true" signature="setup()[pri:0, instance:tests.SmokeTests@2ed2d9cb]" started-at="2022-12-12T20:22:32 IST" name="setup" finished-at="2022-12-12T20:22:32 IST" duration-ms="19" status="PASS">
          <reporter-output>
          </reporter-output>
        </test-method> <!-- setup -->
        <test-method signature="verifySuccessfulSearchOfLaptop()[pri:0, instance:tests.SmokeTests@2ed2d9cb]" started-at="2022-12-12T20:22:32 IST" name="verifySuccessfulSearchOfLaptop" finished-at="2022-12-12T20:22:47 IST" duration-ms="15206" status="PASS">
          <reporter-output>
          </reporter-output>
        </test-method> <!-- verifySuccessfulSearchOfLaptop -->
        <test-method is-config="true" signature="closeBrowser()[pri:0, instance:tests.SmokeTests@2ed2d9cb]" started-at="2022-12-12T20:22:47 IST" name="closeBrowser" finished-at="2022-12-12T20:22:47 IST" duration-ms="190" status="PASS">
          <reporter-output>
          </reporter-output>
        </test-method> <!-- closeBrowser -->
      </class> <!-- tests.SmokeTests -->
    </test> <!-- Default test -->
  </suite> <!-- Default suite -->
</testng-results>
